1551671245566	mozrunner::runner	INFO	Running command: "/Applications/Firefox.app/Contents/MacOS/firefox-bin" "-marionette" "-headless" "-foreground" "-no-remote" "-profile" "/var/folders/36/blb9vqs971vbcwhgb10y9g4h0000gn/T/rust_mozprofile.nav4nEUTIwLz"
*** You are running in headless mode.
1551671246187	addons.webextension.screenshots@mozilla.org	WARN	Loading extension 'screenshots@mozilla.org': Reading manifest: Invalid host permission: resource://pdf.js/
1551671246188	addons.webextension.screenshots@mozilla.org	WARN	Loading extension 'screenshots@mozilla.org': Reading manifest: Invalid host permission: about:reader*
1551671247892	Marionette	INFO	Listening on port 53510
1551671247938	Marionette	WARN	TLS certificate errors will be ignored for this session
1551671248419	Marionette	INFO	Stopped listening on port 53510
JavaScript error: resource://gre/modules/Sqlite.jsm, line 841: Error: Connection is not open.
1551672574009	mozrunner::runner	INFO	Running command: "/Applications/Firefox.app/Contents/MacOS/firefox-bin" "-marionette" "-headless" "-foreground" "-no-remote" "-profile" "/var/folders/36/blb9vqs971vbcwhgb10y9g4h0000gn/T/rust_mozprofile.PQPf7gMFcjde"
*** You are running in headless mode.
1551672574563	addons.webextension.screenshots@mozilla.org	WARN	Loading extension 'screenshots@mozilla.org': Reading manifest: Invalid host permission: resource://pdf.js/
1551672574563	addons.webextension.screenshots@mozilla.org	WARN	Loading extension 'screenshots@mozilla.org': Reading manifest: Invalid host permission: about:reader*
1551672576214	Marionette	INFO	Listening on port 53667
1551672576282	Marionette	WARN	TLS certificate errors will be ignored for this session
1551672594459	mozrunner::runner	INFO	Running command: "/Applications/Firefox.app/Contents/MacOS/firefox-bin" "-marionette" "-headless" "-foreground" "-no-remote" "-profile" "/var/folders/36/blb9vqs971vbcwhgb10y9g4h0000gn/T/rust_mozprofile.iI68jxZm4RCs"
*** You are running in headless mode.
1551672595036	addons.webextension.screenshots@mozilla.org	WARN	Loading extension 'screenshots@mozilla.org': Reading manifest: Invalid host permission: resource://pdf.js/
1551672595036	addons.webextension.screenshots@mozilla.org	WARN	Loading extension 'screenshots@mozilla.org': Reading manifest: Invalid host permission: about:reader*
1551672596771	Marionette	INFO	Listening on port 53719
1551672596826	Marionette	WARN	TLS certificate errors will be ignored for this session
1551672612661	mozrunner::runner	INFO	Running command: "/Applications/Firefox.app/Contents/MacOS/firefox-bin" "-marionette" "-headless" "-foreground" "-no-remote" "-profile" "/var/folders/36/blb9vqs971vbcwhgb10y9g4h0000gn/T/rust_mozprofile.6hb3F1PA1aF8"
*** You are running in headless mode.
1551672613374	addons.webextension.screenshots@mozilla.org	WARN	Loading extension 'screenshots@mozilla.org': Reading manifest: Invalid host permission: resource://pdf.js/
1551672613374	addons.webextension.screenshots@mozilla.org	WARN	Loading extension 'screenshots@mozilla.org': Reading manifest: Invalid host permission: about:reader*
1551672615108	Marionette	INFO	Listening on port 53783
1551672615149	Marionette	WARN	TLS certificate errors will be ignored for this session
1551672647337	mozrunner::runner	INFO	Running command: "/Applications/Firefox.app/Contents/MacOS/firefox-bin" "-marionette" "-headless" "-foreground" "-no-remote" "-profile" "/var/folders/36/blb9vqs971vbcwhgb10y9g4h0000gn/T/rust_mozprofile.nULYYbOhfD6w"
*** You are running in headless mode.
1551672647932	addons.webextension.screenshots@mozilla.org	WARN	Loading extension 'screenshots@mozilla.org': Reading manifest: Invalid host permission: resource://pdf.js/
1551672647933	addons.webextension.screenshots@mozilla.org	WARN	Loading extension 'screenshots@mozilla.org': Reading manifest: Invalid host permission: about:reader*
1551672649717	Marionette	INFO	Listening on port 53858
1551672649807	Marionette	WARN	TLS certificate errors will be ignored for this session
1551672670965	mozrunner::runner	INFO	Running command: "/Applications/Firefox.app/Contents/MacOS/firefox-bin" "-marionette" "-headless" "-foreground" "-no-remote" "-profile" "/var/folders/36/blb9vqs971vbcwhgb10y9g4h0000gn/T/rust_mozprofile.a9wj7FrmDFUn"
*** You are running in headless mode.
1551672671595	addons.webextension.screenshots@mozilla.org	WARN	Loading extension 'screenshots@mozilla.org': Reading manifest: Invalid host permission: resource://pdf.js/
1551672671595	addons.webextension.screenshots@mozilla.org	WARN	Loading extension 'screenshots@mozilla.org': Reading manifest: Invalid host permission: about:reader*
1551672673299	Marionette	INFO	Listening on port 53915
1551672673339	Marionette	WARN	TLS certificate errors will be ignored for this session
console.error: BroadcastService: 
  receivedBroadcastMessage: handler for
  remote-settings/monitor_changes
  threw error:
  Message: Error: Polling for changes failed: NetworkError when attempting to fetch resource..
  Stack:
    remoteSettingsFunction/remoteSettings.pollChanges@resource://services-settings/remote-settings.js:188:13

console.error: BroadcastService: 
  receivedBroadcastMessage: handler for
  remote-settings/monitor_changes
  threw error:
  Message: Error: Polling for changes failed: NetworkError when attempting to fetch resource..
  Stack:
    remoteSettingsFunction/remoteSettings.pollChanges@resource://services-settings/remote-settings.js:188:13

console.error: BroadcastService: 
  receivedBroadcastMessage: handler for
  remote-settings/monitor_changes
  threw error:
  Message: Error: Polling for changes failed: NetworkError when attempting to fetch resource..
  Stack:
    remoteSettingsFunction/remoteSettings.pollChanges@resource://services-settings/remote-settings.js:188:13

console.error: BroadcastService: 
  receivedBroadcastMessage: handler for
  remote-settings/monitor_changes
  threw error:
  Message: Error: Polling for changes failed: NetworkError when attempting to fetch resource..
  Stack:
    remoteSettingsFunction/remoteSettings.pollChanges@resource://services-settings/remote-settings.js:188:13

console.error: BroadcastService: 
  receivedBroadcastMessage: handler for
  remote-settings/monitor_changes
  threw error:
  Message: Error: Polling for changes failed: NetworkError when attempting to fetch resource..
  Stack:
    remoteSettingsFunction/remoteSettings.pollChanges@resource://services-settings/remote-settings.js:188:13

Exiting due to channel error.
Exiting due to channel error.
Exiting due to channel error.
Exiting due to channel error.
Exiting due to channel error.
Exiting due to channel error.
Exiting due to channel error.
Exiting due to channel error.
Exiting due to channel error.
Exiting due to channel error.
Exiting due to channel error.
Exiting due to channel error.
Exiting due to channel error.
Exiting due to channel error.
[GFX1-]: Receive IPC close with reason=AbnormalShutdown
Exiting due to channel error.
